#-----------------------------------------------------------
# Vivado v2020.1 (64-bit)
# SW Build 2902540 on Wed May 27 19:54:49 MDT 2020
# IP Build 2902112 on Wed May 27 22:43:36 MDT 2020
# Start of session at: Tue Jun  1 19:19:46 2021
# Process ID: 15348
# Current directory: D:/张驰/学习/数字逻辑/实验二/1120191600+张驰/1120191600+张驰
# Command line: vivado.exe -gui_launcher_event rodinguilauncherevent16012 D:\张驰\学习\数字逻辑\实验二\1120191600+张驰\1120191600+张驰\mathlogical experiment1.xpr
# Log file: D:/张驰/学习/数字逻辑/实验二/1120191600+张驰/1120191600+张驰/vivado.log
# Journal file: D:/张驰/学习/数字逻辑/实验二/1120191600+张驰/1120191600+张驰\vivado.jou
#-----------------------------------------------------------
start_gui
open_project {D:/张驰/学习/数字逻辑/实验二/1120191600+张驰/1120191600+张驰/mathlogical experiment1.xpr}
INFO: [Project 1-313] Project file moved from 'C:/Users/LX/Desktop/mathlogical experiment1' since last save.
Scanning sources...
Finished scanning sources
INFO: [IP_Flow 19-234] Refreshing IP repositories
INFO: [IP_Flow 19-1704] No user IP repositories specified
INFO: [IP_Flow 19-2313] Loaded Vivado IP repository 'F:/LJXilinx/Vivado/2020.1/data/ip'.
open_project: Time (s): cpu = 00:00:13 ; elapsed = 00:00:06 . Memory (MB): peak = 1037.035 ; gain = 0.000
update_compile_order -fileset sources_1
exit
INFO: [Common 17-206] Exiting Vivado at Tue Jun  1 19:20:28 2021...
